[INFO] Scanning for projects...
[INFO] 
[INFO] ---------------------< com.smartfreelance:backend >---------------------
[INFO] Building backend 0.0.1-SNAPSHOT
[INFO]   from pom.xml
[INFO] --------------------------------[ jar ]---------------------------------
[INFO] 
[INFO] --- resources:3.3.1:resources (default-resources) @ backend ---
[INFO] Copying 2 resources from src\main\resources to target\classes
[INFO] Copying 0 resource from src\main\resources to target\classes
[INFO] 
[INFO] --- compiler:3.11.0:compile (default-compile) @ backend ---
[INFO] Changes detected - recompiling the module! :input tree
[INFO] Compiling 23 source files with javac [debug release 17] to target\classes
[INFO] /C:/Users/pc malek/OneDrive/Desktop/pi_front_back_office/user/smart-freelance-backend/src/main/java/com/smartfreelance/backend/service/KeycloakAdminService.java: C:\Users\pc malek\OneDrive\Desktop\pi_front_back_office\user\smart-freelance-backend\src\main\java\com\smartfreelance\backend\service\KeycloakAdminService.java uses unchecked or unsafe operations.
[INFO] /C:/Users/pc malek/OneDrive/Desktop/pi_front_back_office/user/smart-freelance-backend/src/main/java/com/smartfreelance/backend/service/KeycloakAdminService.java: Recompile with -Xlint:unchecked for details.
[INFO] 
[INFO] --- resources:3.3.1:testResources (default-testResources) @ backend ---
[INFO] skip non existing resourceDirectory C:\Users\pc malek\OneDrive\Desktop\pi_front_back_office\user\smart-freelance-backend\src\test\resources
[INFO] 
[INFO] --- compiler:3.11.0:testCompile (default-testCompile) @ backend ---
[INFO] No sources to compile
[INFO] 
[INFO] --- surefire:3.1.2:test (default-test) @ backend ---
[INFO] Tests are skipped.
[INFO] 
[INFO] --- jar:3.3.0:jar (default-jar) @ backend ---
[INFO] Building jar: C:\Users\pc malek\OneDrive\Desktop\pi_front_back_office\user\smart-freelance-backend\target\backend-0.0.1-SNAPSHOT.jar
[INFO] 
[INFO] --- spring-boot:3.2.3:repackage (repackage) @ backend ---
[INFO] Replacing main artifact C:\Users\pc malek\OneDrive\Desktop\pi_front_back_office\user\smart-freelance-backend\target\backend-0.0.1-SNAPSHOT.jar with repackaged archive, adding nested dependencies in BOOT-INF/.
[INFO] The original artifact has been renamed to C:\Users\pc malek\OneDrive\Desktop\pi_front_back_office\user\smart-freelance-backend\target\backend-0.0.1-SNAPSHOT.jar.original
[INFO] ------------------------------------------------------------------------
[INFO] BUILD SUCCESS
[INFO] ------------------------------------------------------------------------
[INFO] Total time:  4.228 s
[INFO] Finished at: 2026-02-27T14:59:26+01:00
[INFO] ------------------------------------------------------------------------
