[INFO] Scanning for projects...
[INFO] 
[INFO] ---------------------< com.smartfreelance:backend >---------------------
[INFO] Building backend 0.0.1-SNAPSHOT
[INFO]   from pom.xml
[INFO] --------------------------------[ jar ]---------------------------------
[INFO] 
[INFO] >>> spring-boot:3.2.3:run (default-cli) > test-compile @ backend >>>
[INFO] 
[INFO] --- resources:3.3.1:resources (default-resources) @ backend ---
[INFO] Copying 2 resources from src\main\resources to target\classes
[INFO] Copying 0 resource from src\main\resources to target\classes
[INFO] 
[INFO] --- compiler:3.11.0:compile (default-compile) @ backend ---
[INFO] Nothing to compile - all classes are up to date
[INFO] 
[INFO] --- resources:3.3.1:testResources (default-testResources) @ backend ---
[INFO] skip non existing resourceDirectory C:\Users\pc malek\OneDrive\Desktop\pi_front_back_office\Pidev4SAE3_Freelancy-front_backoffice\src\app\features\user\smart-freelance-backend\src\test\resources
[INFO] 
[INFO] --- compiler:3.11.0:testCompile (default-testCompile) @ backend ---
[INFO] No sources to compile
[INFO] 
[INFO] <<< spring-boot:3.2.3:run (default-cli) < test-compile @ backend <<<
[INFO] 
[INFO] 
[INFO] --- spring-boot:3.2.3:run (default-cli) @ backend ---
[INFO] Attaching agents: []

  .   ____          _            __ _ _
 /\\ / ___'_ __ _ _(_)_ __  __ _ \ \ \ \
( ( )\___ | '_ | '_| | '_ \/ _` | \ \ \ \
 \\/  ___)| |_)| | | | | || (_| |  ) ) ) )
  '  |____| .__|_| |_|_| |_\__, | / / / /
 =========|_|==============|___/=/_/_/_/
 :: Spring Boot ::                (v3.2.3)

2026-02-17T15:29:17.683+01:00  INFO 30872 --- [smart-freelance-backend] [           main] c.s.backend.BackendApplication           : Starting BackendApplication using Java 25.0.2 with PID 30872 (C:\Users\pc malek\OneDrive\Desktop\pi_front_back_office\Pidev4SAE3_Freelancy-front_backoffice\src\app\features\user\smart-freelance-backend\target\classes started by pc malek in C:\Users\pc malek\OneDrive\Desktop\pi_front_back_office\Pidev4SAE3_Freelancy-front_backoffice\src\app\features\user\smart-freelance-backend)
2026-02-17T15:29:17.686+01:00  INFO 30872 --- [smart-freelance-backend] [           main] c.s.backend.BackendApplication           : No active profile set, falling back to 1 default profile: "default"
2026-02-17T15:29:18.402+01:00  INFO 30872 --- [smart-freelance-backend] [           main] .s.d.r.c.RepositoryConfigurationDelegate : Bootstrapping Spring Data JPA repositories in DEFAULT mode.
2026-02-17T15:29:18.459+01:00  INFO 30872 --- [smart-freelance-backend] [           main] .s.d.r.c.RepositoryConfigurationDelegate : Finished Spring Data repository scanning in 47 ms. Found 2 JPA repository interfaces.
WARNING: A restricted method in java.lang.System has been called
WARNING: java.lang.System::load has been called by org.apache.tomcat.jni.Library in an unnamed module (file:/C:/Users/pc%20malek/.m2/repository/org/apache/tomcat/embed/tomcat-embed-core/10.1.19/tomcat-embed-core-10.1.19.jar)
WARNING: Use --enable-native-access=ALL-UNNAMED to avoid a warning for callers in this module
WARNING: Restricted methods will be blocked in a future release unless native access is enabled

2026-02-17T15:29:18.982+01:00  INFO 30872 --- [smart-freelance-backend] [           main] o.s.b.w.embedded.tomcat.TomcatWebServer  : Tomcat initialized with port 8080 (http)
2026-02-17T15:29:18.992+01:00  INFO 30872 --- [smart-freelance-backend] [           main] o.apache.catalina.core.StandardService   : Starting service [Tomcat]
2026-02-17T15:29:18.992+01:00  INFO 30872 --- [smart-freelance-backend] [           main] o.apache.catalina.core.StandardEngine    : Starting Servlet engine: [Apache Tomcat/10.1.19]
2026-02-17T15:29:19.043+01:00  INFO 30872 --- [smart-freelance-backend] [           main] o.a.c.c.C.[Tomcat].[localhost].[/]       : Initializing Spring embedded WebApplicationContext
2026-02-17T15:29:19.044+01:00  INFO 30872 --- [smart-freelance-backend] [           main] w.s.c.ServletWebServerApplicationContext : Root WebApplicationContext: initialization completed in 1309 ms
2026-02-17T15:29:19.182+01:00  INFO 30872 --- [smart-freelance-backend] [           main] o.hibernate.jpa.internal.util.LogHelper  : HHH000204: Processing PersistenceUnitInfo [name: default]
2026-02-17T15:29:19.225+01:00  INFO 30872 --- [smart-freelance-backend] [           main] org.hibernate.Version                    : HHH000412: Hibernate ORM core version 6.4.4.Final
2026-02-17T15:29:19.252+01:00  INFO 30872 --- [smart-freelance-backend] [           main] o.h.c.internal.RegionFactoryInitiator    : HHH000026: Second-level cache disabled
2026-02-17T15:29:19.431+01:00  INFO 30872 --- [smart-freelance-backend] [           main] o.s.o.j.p.SpringPersistenceUnitInfo      : No LoadTimeWeaver setup: ignoring JPA class transformer
2026-02-17T15:29:19.456+01:00  INFO 30872 --- [smart-freelance-backend] [           main] com.zaxxer.hikari.HikariDataSource       : HikariPool-1 - Starting...
2026-02-17T15:29:20.015+01:00  INFO 30872 --- [smart-freelance-backend] [           main] com.zaxxer.hikari.pool.HikariPool        : HikariPool-1 - Added connection com.mysql.cj.jdbc.ConnectionImpl@45dde6ac
2026-02-17T15:29:20.016+01:00  INFO 30872 --- [smart-freelance-backend] [           main] com.zaxxer.hikari.HikariDataSource       : HikariPool-1 - Start completed.
2026-02-17T15:29:20.308+01:00  WARN 30872 --- [smart-freelance-backend] [           main] org.hibernate.orm.deprecation            : HHH90000025: MySQLDialect does not need to be specified explicitly using 'hibernate.dialect' (remove the property setting and it will be selected by default)
2026-02-17T15:29:20.936+01:00  INFO 30872 --- [smart-freelance-backend] [           main] o.h.e.t.j.p.i.JtaPlatformInitiator       : HHH000489: No JTA platform available (set 'hibernate.transaction.jta.platform' to enable JTA platform integration)
2026-02-17T15:29:21.111+01:00  INFO 30872 --- [smart-freelance-backend] [           main] j.LocalContainerEntityManagerFactoryBean : Initialized JPA EntityManagerFactory for persistence unit 'default'
2026-02-17T15:29:21.393+01:00  WARN 30872 --- [smart-freelance-backend] [           main] JpaBaseConfiguration$JpaWebConfiguration : spring.jpa.open-in-view is enabled by default. Therefore, database queries may be performed during view rendering. Explicitly configure spring.jpa.open-in-view to disable this warning
2026-02-17T15:29:21.629+01:00  INFO 30872 --- [smart-freelance-backend] [           main] o.s.s.web.DefaultSecurityFilterChain     : Will secure any request with [org.springframework.security.web.session.DisableEncodeUrlFilter@5b160208, org.springframework.security.web.context.request.async.WebAsyncManagerIntegrationFilter@237bdbcb, org.springframework.security.web.context.SecurityContextHolderFilter@5570ee6d, org.springframework.security.web.header.HeaderWriterFilter@25511895, org.springframework.web.filter.CorsFilter@16a15261, org.springframework.security.web.authentication.logout.LogoutFilter@3c981f76, org.springframework.security.oauth2.server.resource.web.authentication.BearerTokenAuthenticationFilter@673a5aa7, org.springframework.security.web.savedrequest.RequestCacheAwareFilter@594fcb22, org.springframework.security.web.servletapi.SecurityContextHolderAwareRequestFilter@1399ad68, org.springframework.security.web.authentication.AnonymousAuthenticationFilter@36ec4071, org.springframework.security.web.session.SessionManagementFilter@35c3d6e8, org.springframework.security.web.access.ExceptionTranslationFilter@329aa2d1, org.springframework.security.web.access.intercept.AuthorizationFilter@62cb977a]
2026-02-17T15:29:21.860+01:00  INFO 30872 --- [smart-freelance-backend] [           main] o.s.b.w.embedded.tomcat.TomcatWebServer  : Tomcat started on port 8080 (http) with context path ''
2026-02-17T15:29:21.866+01:00  INFO 30872 --- [smart-freelance-backend] [           main] c.s.backend.BackendApplication           : Started BackendApplication in 4.569 seconds (process running for 4.925)
2026-02-17T15:29:25.558+01:00  INFO 30872 --- [smart-freelance-backend] [nio-8080-exec-1] o.a.c.c.C.[Tomcat].[localhost].[/]       : Initializing Spring DispatcherServlet 'dispatcherServlet'
2026-02-17T15:29:25.558+01:00  INFO 30872 --- [smart-freelance-backend] [nio-8080-exec-1] o.s.web.servlet.DispatcherServlet        : Initializing Servlet 'dispatcherServlet'
2026-02-17T15:29:25.561+01:00  INFO 30872 --- [smart-freelance-backend] [nio-8080-exec-1] o.s.web.servlet.DispatcherServlet        : Completed initialization in 3 ms
Hibernate: select u1_0.id,u1_0.created_at,u1_0.email,u1_0.enabled,u1_0.first_name,u1_0.keycloak_id,u1_0.last_name,u1_0.password,u1_0.role from users u1_0 where u1_0.keycloak_id=?
Hibernate: select s1_0.id,s1_0.end_date,s1_0.start_date,s1_0.status,s1_0.type,u1_0.id,u1_0.created_at,u1_0.email,u1_0.enabled,u1_0.first_name,u1_0.keycloak_id,u1_0.last_name,u1_0.password,u1_0.role from subscriptions s1_0 left join users u1_0 on u1_0.id=s1_0.user_id where s1_0.user_id=?
Hibernate: update users set created_at=?,email=?,enabled=?,first_name=?,keycloak_id=?,last_name=?,password=?,role=? where id=?
Hibernate: select u1_0.id,u1_0.created_at,u1_0.email,u1_0.enabled,u1_0.first_name,u1_0.keycloak_id,u1_0.last_name,u1_0.password,u1_0.role from users u1_0 where u1_0.keycloak_id=?
Hibernate: select s1_0.id,s1_0.end_date,s1_0.start_date,s1_0.status,s1_0.type,u1_0.id,u1_0.created_at,u1_0.email,u1_0.enabled,u1_0.first_name,u1_0.keycloak_id,u1_0.last_name,u1_0.password,u1_0.role from subscriptions s1_0 left join users u1_0 on u1_0.id=s1_0.user_id where s1_0.user_id=?
Hibernate: select u1_0.id,u1_0.created_at,u1_0.email,u1_0.enabled,u1_0.first_name,u1_0.keycloak_id,u1_0.last_name,u1_0.password,u1_0.role from users u1_0 where u1_0.keycloak_id=?
Hibernate: select s1_0.id,s1_0.end_date,s1_0.start_date,s1_0.status,s1_0.type,u1_0.id,u1_0.created_at,u1_0.email,u1_0.enabled,u1_0.first_name,u1_0.keycloak_id,u1_0.last_name,u1_0.password,u1_0.role from subscriptions s1_0 left join users u1_0 on u1_0.id=s1_0.user_id where s1_0.user_id=?
Hibernate: select u1_0.id,u1_0.created_at,u1_0.email,u1_0.enabled,u1_0.first_name,u1_0.keycloak_id,u1_0.last_name,u1_0.password,u1_0.role from users u1_0 where u1_0.keycloak_id=?
Hibernate: select s1_0.id,s1_0.end_date,s1_0.start_date,s1_0.status,s1_0.type,u1_0.id,u1_0.created_at,u1_0.email,u1_0.enabled,u1_0.first_name,u1_0.keycloak_id,u1_0.last_name,u1_0.password,u1_0.role from subscriptions s1_0 left join users u1_0 on u1_0.id=s1_0.user_id where s1_0.user_id=?
Hibernate: select u1_0.id,u1_0.created_at,u1_0.email,u1_0.enabled,u1_0.first_name,u1_0.keycloak_id,u1_0.last_name,u1_0.password,u1_0.role from users u1_0 where u1_0.keycloak_id=?
Hibernate: select s1_0.id,s1_0.end_date,s1_0.start_date,s1_0.status,s1_0.type,u1_0.id,u1_0.created_at,u1_0.email,u1_0.enabled,u1_0.first_name,u1_0.keycloak_id,u1_0.last_name,u1_0.password,u1_0.role from subscriptions s1_0 left join users u1_0 on u1_0.id=s1_0.user_id where s1_0.user_id=?
Hibernate: select u1_0.id,u1_0.created_at,u1_0.email,u1_0.enabled,u1_0.first_name,u1_0.keycloak_id,u1_0.last_name,u1_0.password,u1_0.role from users u1_0 where u1_0.keycloak_id=?
Hibernate: select s1_0.id,s1_0.end_date,s1_0.start_date,s1_0.status,s1_0.type,u1_0.id,u1_0.created_at,u1_0.email,u1_0.enabled,u1_0.first_name,u1_0.keycloak_id,u1_0.last_name,u1_0.password,u1_0.role from subscriptions s1_0 left join users u1_0 on u1_0.id=s1_0.user_id where s1_0.user_id=?
Hibernate: select u1_0.id,u1_0.created_at,u1_0.email,u1_0.enabled,u1_0.first_name,u1_0.keycloak_id,u1_0.last_name,u1_0.password,u1_0.role from users u1_0 where u1_0.keycloak_id=?
Hibernate: select s1_0.id,s1_0.end_date,s1_0.start_date,s1_0.status,s1_0.type,u1_0.id,u1_0.created_at,u1_0.email,u1_0.enabled,u1_0.first_name,u1_0.keycloak_id,u1_0.last_name,u1_0.password,u1_0.role from subscriptions s1_0 left join users u1_0 on u1_0.id=s1_0.user_id where s1_0.user_id=?
Hibernate: select u1_0.id,u1_0.created_at,u1_0.email,u1_0.enabled,u1_0.first_name,u1_0.keycloak_id,u1_0.last_name,u1_0.password,u1_0.role from users u1_0 where u1_0.keycloak_id=?
Hibernate: select s1_0.id,s1_0.end_date,s1_0.start_date,s1_0.status,s1_0.type,u1_0.id,u1_0.created_at,u1_0.email,u1_0.enabled,u1_0.first_name,u1_0.keycloak_id,u1_0.last_name,u1_0.password,u1_0.role from subscriptions s1_0 left join users u1_0 on u1_0.id=s1_0.user_id where s1_0.user_id=?
Hibernate: select u1_0.id,u1_0.created_at,u1_0.email,u1_0.enabled,u1_0.first_name,u1_0.keycloak_id,u1_0.last_name,u1_0.password,u1_0.role from users u1_0 where u1_0.keycloak_id=?
Hibernate: select s1_0.id,s1_0.end_date,s1_0.start_date,s1_0.status,s1_0.type,u1_0.id,u1_0.created_at,u1_0.email,u1_0.enabled,u1_0.first_name,u1_0.keycloak_id,u1_0.last_name,u1_0.password,u1_0.role from subscriptions s1_0 left join users u1_0 on u1_0.id=s1_0.user_id where s1_0.user_id=?
Hibernate: select u1_0.id,u1_0.created_at,u1_0.email,u1_0.enabled,u1_0.first_name,u1_0.keycloak_id,u1_0.last_name,u1_0.password,u1_0.role from users u1_0 where u1_0.keycloak_id=?
Hibernate: select s1_0.id,s1_0.end_date,s1_0.start_date,s1_0.status,s1_0.type,u1_0.id,u1_0.created_at,u1_0.email,u1_0.enabled,u1_0.first_name,u1_0.keycloak_id,u1_0.last_name,u1_0.password,u1_0.role from subscriptions s1_0 left join users u1_0 on u1_0.id=s1_0.user_id where s1_0.user_id=?
Hibernate: select u1_0.id,u1_0.created_at,u1_0.email,u1_0.enabled,u1_0.first_name,u1_0.keycloak_id,u1_0.last_name,u1_0.password,u1_0.role from users u1_0 where u1_0.keycloak_id=?
Hibernate: select s1_0.id,s1_0.end_date,s1_0.start_date,s1_0.status,s1_0.type,u1_0.id,u1_0.created_at,u1_0.email,u1_0.enabled,u1_0.first_name,u1_0.keycloak_id,u1_0.last_name,u1_0.password,u1_0.role from subscriptions s1_0 left join users u1_0 on u1_0.id=s1_0.user_id where s1_0.user_id=?
Hibernate: select u1_0.id,u1_0.created_at,u1_0.email,u1_0.enabled,u1_0.first_name,u1_0.keycloak_id,u1_0.last_name,u1_0.password,u1_0.role from users u1_0 where u1_0.keycloak_id=?
Hibernate: select s1_0.id,s1_0.end_date,s1_0.start_date,s1_0.status,s1_0.type,u1_0.id,u1_0.created_at,u1_0.email,u1_0.enabled,u1_0.first_name,u1_0.keycloak_id,u1_0.last_name,u1_0.password,u1_0.role from subscriptions s1_0 left join users u1_0 on u1_0.id=s1_0.user_id where s1_0.user_id=?
Hibernate: update users set created_at=?,email=?,enabled=?,first_name=?,keycloak_id=?,last_name=?,password=?,role=? where id=?
Hibernate: select u1_0.id,u1_0.created_at,u1_0.email,u1_0.enabled,u1_0.first_name,u1_0.keycloak_id,u1_0.last_name,u1_0.password,u1_0.role from users u1_0 where u1_0.keycloak_id=?
Hibernate: select s1_0.id,s1_0.end_date,s1_0.start_date,s1_0.status,s1_0.type,u1_0.id,u1_0.created_at,u1_0.email,u1_0.enabled,u1_0.first_name,u1_0.keycloak_id,u1_0.last_name,u1_0.password,u1_0.role from subscriptions s1_0 left join users u1_0 on u1_0.id=s1_0.user_id where s1_0.user_id=?
Hibernate: select u1_0.id,u1_0.created_at,u1_0.email,u1_0.enabled,u1_0.first_name,u1_0.keycloak_id,u1_0.last_name,u1_0.password,u1_0.role from users u1_0 where u1_0.keycloak_id=?
Hibernate: select s1_0.id,s1_0.end_date,s1_0.start_date,s1_0.status,s1_0.type,u1_0.id,u1_0.created_at,u1_0.email,u1_0.enabled,u1_0.first_name,u1_0.keycloak_id,u1_0.last_name,u1_0.password,u1_0.role from subscriptions s1_0 left join users u1_0 on u1_0.id=s1_0.user_id where s1_0.user_id=?
Hibernate: select u1_0.id,u1_0.created_at,u1_0.email,u1_0.enabled,u1_0.first_name,u1_0.keycloak_id,u1_0.last_name,u1_0.password,u1_0.role from users u1_0 where u1_0.keycloak_id=?
Hibernate: select s1_0.id,s1_0.end_date,s1_0.start_date,s1_0.status,s1_0.type,u1_0.id,u1_0.created_at,u1_0.email,u1_0.enabled,u1_0.first_name,u1_0.keycloak_id,u1_0.last_name,u1_0.password,u1_0.role from subscriptions s1_0 left join users u1_0 on u1_0.id=s1_0.user_id where s1_0.user_id=?
Hibernate: select u1_0.id,u1_0.created_at,u1_0.email,u1_0.enabled,u1_0.first_name,u1_0.keycloak_id,u1_0.last_name,u1_0.password,u1_0.role from users u1_0 where u1_0.keycloak_id=?
Hibernate: select s1_0.id,s1_0.end_date,s1_0.start_date,s1_0.status,s1_0.type,u1_0.id,u1_0.created_at,u1_0.email,u1_0.enabled,u1_0.first_name,u1_0.keycloak_id,u1_0.last_name,u1_0.password,u1_0.role from subscriptions s1_0 left join users u1_0 on u1_0.id=s1_0.user_id where s1_0.user_id=?
Hibernate: select u1_0.id,u1_0.created_at,u1_0.email,u1_0.enabled,u1_0.first_name,u1_0.keycloak_id,u1_0.last_name,u1_0.password,u1_0.role from users u1_0 where u1_0.keycloak_id=?
Hibernate: select s1_0.id,s1_0.end_date,s1_0.start_date,s1_0.status,s1_0.type,u1_0.id,u1_0.created_at,u1_0.email,u1_0.enabled,u1_0.first_name,u1_0.keycloak_id,u1_0.last_name,u1_0.password,u1_0.role from subscriptions s1_0 left join users u1_0 on u1_0.id=s1_0.user_id where s1_0.user_id=?
Hibernate: select u1_0.id,u1_0.created_at,u1_0.email,u1_0.enabled,u1_0.first_name,u1_0.keycloak_id,u1_0.last_name,u1_0.password,u1_0.role from users u1_0 where u1_0.keycloak_id=?
Hibernate: select u1_0.id,u1_0.created_at,u1_0.email,u1_0.enabled,u1_0.first_name,u1_0.keycloak_id,u1_0.last_name,u1_0.password,u1_0.role from users u1_0 where u1_0.keycloak_id=?
Hibernate: select u1_0.id,u1_0.created_at,u1_0.email,u1_0.enabled,u1_0.first_name,u1_0.keycloak_id,u1_0.last_name,u1_0.password,u1_0.role from users u1_0 where u1_0.keycloak_id=?
Hibernate: select s1_0.id,s1_0.end_date,s1_0.start_date,s1_0.status,s1_0.type,u1_0.id,u1_0.created_at,u1_0.email,u1_0.enabled,u1_0.first_name,u1_0.keycloak_id,u1_0.last_name,u1_0.password,u1_0.role from subscriptions s1_0 left join users u1_0 on u1_0.id=s1_0.user_id where s1_0.user_id=?
Hibernate: select u1_0.id,u1_0.created_at,u1_0.email,u1_0.enabled,u1_0.first_name,u1_0.keycloak_id,u1_0.last_name,u1_0.password,u1_0.role from users u1_0 where u1_0.keycloak_id=?
Hibernate: select u1_0.id,u1_0.created_at,u1_0.email,u1_0.enabled,u1_0.first_name,u1_0.keycloak_id,u1_0.last_name,u1_0.password,u1_0.role from users u1_0 where u1_0.keycloak_id=?
Hibernate: select s1_0.id,s1_0.end_date,s1_0.start_date,s1_0.status,s1_0.type,u1_0.id,u1_0.created_at,u1_0.email,u1_0.enabled,u1_0.first_name,u1_0.keycloak_id,u1_0.last_name,u1_0.password,u1_0.role from subscriptions s1_0 left join users u1_0 on u1_0.id=s1_0.user_id where s1_0.user_id=?
Hibernate: select u1_0.id,u1_0.created_at,u1_0.email,u1_0.enabled,u1_0.first_name,u1_0.keycloak_id,u1_0.last_name,u1_0.password,u1_0.role from users u1_0 where u1_0.keycloak_id=?
Hibernate: select u1_0.id,u1_0.created_at,u1_0.email,u1_0.enabled,u1_0.first_name,u1_0.keycloak_id,u1_0.last_name,u1_0.password,u1_0.role from users u1_0 where u1_0.keycloak_id=?
Hibernate: select s1_0.id,s1_0.end_date,s1_0.start_date,s1_0.status,s1_0.type,u1_0.id,u1_0.created_at,u1_0.email,u1_0.enabled,u1_0.first_name,u1_0.keycloak_id,u1_0.last_name,u1_0.password,u1_0.role from subscriptions s1_0 left join users u1_0 on u1_0.id=s1_0.user_id where s1_0.user_id=?
Hibernate: select u1_0.id,u1_0.created_at,u1_0.email,u1_0.enabled,u1_0.first_name,u1_0.keycloak_id,u1_0.last_name,u1_0.password,u1_0.role from users u1_0 where u1_0.keycloak_id=?
Hibernate: select s1_0.id,s1_0.end_date,s1_0.start_date,s1_0.status,s1_0.type,u1_0.id,u1_0.created_at,u1_0.email,u1_0.enabled,u1_0.first_name,u1_0.keycloak_id,u1_0.last_name,u1_0.password,u1_0.role from subscriptions s1_0 left join users u1_0 on u1_0.id=s1_0.user_id where s1_0.user_id=?
Hibernate: update users set created_at=?,email=?,enabled=?,first_name=?,keycloak_id=?,last_name=?,password=?,role=? where id=?
Hibernate: select u1_0.id,u1_0.created_at,u1_0.email,u1_0.enabled,u1_0.first_name,u1_0.keycloak_id,u1_0.last_name,u1_0.password,u1_0.role from users u1_0 where u1_0.keycloak_id=?
Hibernate: select s1_0.id,s1_0.end_date,s1_0.start_date,s1_0.status,s1_0.type,u1_0.id,u1_0.created_at,u1_0.email,u1_0.enabled,u1_0.first_name,u1_0.keycloak_id,u1_0.last_name,u1_0.password,u1_0.role from subscriptions s1_0 left join users u1_0 on u1_0.id=s1_0.user_id where s1_0.user_id=?
Hibernate: select u1_0.id,u1_0.created_at,u1_0.email,u1_0.enabled,u1_0.first_name,u1_0.keycloak_id,u1_0.last_name,u1_0.password,u1_0.role from users u1_0 where u1_0.keycloak_id=?
Hibernate: select s1_0.id,s1_0.end_date,s1_0.start_date,s1_0.status,s1_0.type,u1_0.id,u1_0.created_at,u1_0.email,u1_0.enabled,u1_0.first_name,u1_0.keycloak_id,u1_0.last_name,u1_0.password,u1_0.role from subscriptions s1_0 left join users u1_0 on u1_0.id=s1_0.user_id where s1_0.user_id=?
Hibernate: select u1_0.id,u1_0.created_at,u1_0.email,u1_0.enabled,u1_0.first_name,u1_0.keycloak_id,u1_0.last_name,u1_0.password,u1_0.role from users u1_0 where u1_0.keycloak_id=?
Hibernate: select u1_0.id,u1_0.created_at,u1_0.email,u1_0.enabled,u1_0.first_name,u1_0.keycloak_id,u1_0.last_name,u1_0.password,u1_0.role from users u1_0 where u1_0.keycloak_id=?
Hibernate: select u1_0.id,u1_0.created_at,u1_0.email,u1_0.enabled,u1_0.first_name,u1_0.keycloak_id,u1_0.last_name,u1_0.password,u1_0.role from users u1_0 where u1_0.keycloak_id=?
Hibernate: select s1_0.id,s1_0.end_date,s1_0.start_date,s1_0.status,s1_0.type,u1_0.id,u1_0.created_at,u1_0.email,u1_0.enabled,u1_0.first_name,u1_0.keycloak_id,u1_0.last_name,u1_0.password,u1_0.role from subscriptions s1_0 left join users u1_0 on u1_0.id=s1_0.user_id where s1_0.user_id=?
Hibernate: select u1_0.id,u1_0.created_at,u1_0.email,u1_0.enabled,u1_0.first_name,u1_0.keycloak_id,u1_0.last_name,u1_0.password,u1_0.role from users u1_0 where u1_0.keycloak_id=?
Hibernate: select u1_0.id,u1_0.created_at,u1_0.email,u1_0.enabled,u1_0.first_name,u1_0.keycloak_id,u1_0.last_name,u1_0.password,u1_0.role from users u1_0 where u1_0.keycloak_id=?
Hibernate: select s1_0.id,s1_0.end_date,s1_0.start_date,s1_0.status,s1_0.type,u1_0.id,u1_0.created_at,u1_0.email,u1_0.enabled,u1_0.first_name,u1_0.keycloak_id,u1_0.last_name,u1_0.password,u1_0.role from subscriptions s1_0 left join users u1_0 on u1_0.id=s1_0.user_id where s1_0.user_id=?
Hibernate: select u1_0.id,u1_0.created_at,u1_0.email,u1_0.enabled,u1_0.first_name,u1_0.keycloak_id,u1_0.last_name,u1_0.password,u1_0.role from users u1_0 where u1_0.keycloak_id=?
Hibernate: select u1_0.id,u1_0.created_at,u1_0.email,u1_0.enabled,u1_0.first_name,u1_0.keycloak_id,u1_0.last_name,u1_0.password,u1_0.role from users u1_0 where u1_0.keycloak_id=?
Hibernate: select s1_0.id,s1_0.end_date,s1_0.start_date,s1_0.status,s1_0.type,u1_0.id,u1_0.created_at,u1_0.email,u1_0.enabled,u1_0.first_name,u1_0.keycloak_id,u1_0.last_name,u1_0.password,u1_0.role from subscriptions s1_0 left join users u1_0 on u1_0.id=s1_0.user_id where s1_0.user_id=?
Hibernate: select u1_0.id,u1_0.created_at,u1_0.email,u1_0.enabled,u1_0.first_name,u1_0.keycloak_id,u1_0.last_name,u1_0.password,u1_0.role from users u1_0 where u1_0.keycloak_id=?
Hibernate: select s1_0.id,s1_0.end_date,s1_0.start_date,s1_0.status,s1_0.type,u1_0.id,u1_0.created_at,u1_0.email,u1_0.enabled,u1_0.first_name,u1_0.keycloak_id,u1_0.last_name,u1_0.password,u1_0.role from subscriptions s1_0 left join users u1_0 on u1_0.id=s1_0.user_id where s1_0.user_id=?
Hibernate: select u1_0.id,u1_0.created_at,u1_0.email,u1_0.enabled,u1_0.first_name,u1_0.keycloak_id,u1_0.last_name,u1_0.password,u1_0.role from users u1_0 where u1_0.keycloak_id=?
Hibernate: select s1_0.id,s1_0.end_date,s1_0.start_date,s1_0.status,s1_0.type,u1_0.id,u1_0.created_at,u1_0.email,u1_0.enabled,u1_0.first_name,u1_0.keycloak_id,u1_0.last_name,u1_0.password,u1_0.role from subscriptions s1_0 left join users u1_0 on u1_0.id=s1_0.user_id where s1_0.user_id=?
Hibernate: select u1_0.id,u1_0.created_at,u1_0.email,u1_0.enabled,u1_0.first_name,u1_0.keycloak_id,u1_0.last_name,u1_0.password,u1_0.role from users u1_0 where u1_0.keycloak_id=?
Hibernate: select s1_0.id,s1_0.end_date,s1_0.start_date,s1_0.status,s1_0.type,u1_0.id,u1_0.created_at,u1_0.email,u1_0.enabled,u1_0.first_name,u1_0.keycloak_id,u1_0.last_name,u1_0.password,u1_0.role from subscriptions s1_0 left join users u1_0 on u1_0.id=s1_0.user_id where s1_0.user_id=?
Hibernate: select u1_0.id,u1_0.created_at,u1_0.email,u1_0.enabled,u1_0.first_name,u1_0.keycloak_id,u1_0.last_name,u1_0.password,u1_0.role from users u1_0 where u1_0.keycloak_id=?
Hibernate: select s1_0.id,s1_0.end_date,s1_0.start_date,s1_0.status,s1_0.type,u1_0.id,u1_0.created_at,u1_0.email,u1_0.enabled,u1_0.first_name,u1_0.keycloak_id,u1_0.last_name,u1_0.password,u1_0.role from subscriptions s1_0 left join users u1_0 on u1_0.id=s1_0.user_id where s1_0.user_id=?
Hibernate: update users set created_at=?,email=?,enabled=?,first_name=?,keycloak_id=?,last_name=?,password=?,role=? where id=?
Hibernate: select u1_0.id,u1_0.created_at,u1_0.email,u1_0.enabled,u1_0.first_name,u1_0.keycloak_id,u1_0.last_name,u1_0.password,u1_0.role from users u1_0 where u1_0.keycloak_id=?
Hibernate: select s1_0.id,s1_0.end_date,s1_0.start_date,s1_0.status,s1_0.type,u1_0.id,u1_0.created_at,u1_0.email,u1_0.enabled,u1_0.first_name,u1_0.keycloak_id,u1_0.last_name,u1_0.password,u1_0.role from subscriptions s1_0 left join users u1_0 on u1_0.id=s1_0.user_id where s1_0.user_id=?
Hibernate: select u1_0.id,u1_0.created_at,u1_0.email,u1_0.enabled,u1_0.first_name,u1_0.keycloak_id,u1_0.last_name,u1_0.password,u1_0.role from users u1_0 where u1_0.keycloak_id=?
Hibernate: select s1_0.id,s1_0.end_date,s1_0.start_date,s1_0.status,s1_0.type,u1_0.id,u1_0.created_at,u1_0.email,u1_0.enabled,u1_0.first_name,u1_0.keycloak_id,u1_0.last_name,u1_0.password,u1_0.role from subscriptions s1_0 left join users u1_0 on u1_0.id=s1_0.user_id where s1_0.user_id=?
Hibernate: select u1_0.id,u1_0.created_at,u1_0.email,u1_0.enabled,u1_0.first_name,u1_0.keycloak_id,u1_0.last_name,u1_0.password,u1_0.role from users u1_0 where u1_0.keycloak_id=?
Hibernate: select s1_0.id,s1_0.end_date,s1_0.start_date,s1_0.status,s1_0.type,u1_0.id,u1_0.created_at,u1_0.email,u1_0.enabled,u1_0.first_name,u1_0.keycloak_id,u1_0.last_name,u1_0.password,u1_0.role from subscriptions s1_0 left join users u1_0 on u1_0.id=s1_0.user_id where s1_0.user_id=?
Hibernate: select u1_0.id,u1_0.created_at,u1_0.email,u1_0.enabled,u1_0.first_name,u1_0.keycloak_id,u1_0.last_name,u1_0.password,u1_0.role from users u1_0 where u1_0.keycloak_id=?
Hibernate: select s1_0.id,s1_0.end_date,s1_0.start_date,s1_0.status,s1_0.type,u1_0.id,u1_0.created_at,u1_0.email,u1_0.enabled,u1_0.first_name,u1_0.keycloak_id,u1_0.last_name,u1_0.password,u1_0.role from subscriptions s1_0 left join users u1_0 on u1_0.id=s1_0.user_id where s1_0.user_id=?
Hibernate: select u1_0.id,u1_0.created_at,u1_0.email,u1_0.enabled,u1_0.first_name,u1_0.keycloak_id,u1_0.last_name,u1_0.password,u1_0.role from users u1_0 where u1_0.keycloak_id=?
Hibernate: select s1_0.id,s1_0.end_date,s1_0.start_date,s1_0.status,s1_0.type,u1_0.id,u1_0.created_at,u1_0.email,u1_0.enabled,u1_0.first_name,u1_0.keycloak_id,u1_0.last_name,u1_0.password,u1_0.role from subscriptions s1_0 left join users u1_0 on u1_0.id=s1_0.user_id where s1_0.user_id=?
Hibernate: select u1_0.id,u1_0.created_at,u1_0.email,u1_0.enabled,u1_0.first_name,u1_0.keycloak_id,u1_0.last_name,u1_0.password,u1_0.role from users u1_0 where u1_0.keycloak_id=?
Hibernate: select s1_0.id,s1_0.end_date,s1_0.start_date,s1_0.status,s1_0.type,u1_0.id,u1_0.created_at,u1_0.email,u1_0.enabled,u1_0.first_name,u1_0.keycloak_id,u1_0.last_name,u1_0.password,u1_0.role from subscriptions s1_0 left join users u1_0 on u1_0.id=s1_0.user_id where s1_0.user_id=?
Hibernate: select u1_0.id,u1_0.created_at,u1_0.email,u1_0.enabled,u1_0.first_name,u1_0.keycloak_id,u1_0.last_name,u1_0.password,u1_0.role from users u1_0 where u1_0.keycloak_id=?
Hibernate: select u1_0.id,u1_0.created_at,u1_0.email,u1_0.enabled,u1_0.first_name,u1_0.keycloak_id,u1_0.last_name,u1_0.password,u1_0.role from users u1_0 where u1_0.keycloak_id=?
Hibernate: select u1_0.id,u1_0.created_at,u1_0.email,u1_0.enabled,u1_0.first_name,u1_0.keycloak_id,u1_0.last_name,u1_0.password,u1_0.role from users u1_0 where u1_0.keycloak_id=?
Hibernate: select s1_0.id,s1_0.end_date,s1_0.start_date,s1_0.status,s1_0.type,u1_0.id,u1_0.created_at,u1_0.email,u1_0.enabled,u1_0.first_name,u1_0.keycloak_id,u1_0.last_name,u1_0.password,u1_0.role from subscriptions s1_0 left join users u1_0 on u1_0.id=s1_0.user_id where s1_0.user_id=?
Hibernate: select u1_0.id,u1_0.created_at,u1_0.email,u1_0.enabled,u1_0.first_name,u1_0.keycloak_id,u1_0.last_name,u1_0.password,u1_0.role from users u1_0 where u1_0.keycloak_id=?
Hibernate: select u1_0.id,u1_0.created_at,u1_0.email,u1_0.enabled,u1_0.first_name,u1_0.keycloak_id,u1_0.last_name,u1_0.password,u1_0.role from users u1_0 where u1_0.keycloak_id=?
Hibernate: select s1_0.id,s1_0.end_date,s1_0.start_date,s1_0.status,s1_0.type,u1_0.id,u1_0.created_at,u1_0.email,u1_0.enabled,u1_0.first_name,u1_0.keycloak_id,u1_0.last_name,u1_0.password,u1_0.role from subscriptions s1_0 left join users u1_0 on u1_0.id=s1_0.user_id where s1_0.user_id=?
Hibernate: select u1_0.id,u1_0.created_at,u1_0.email,u1_0.enabled,u1_0.first_name,u1_0.keycloak_id,u1_0.last_name,u1_0.password,u1_0.role from users u1_0 where u1_0.keycloak_id=?
Hibernate: select u1_0.id,u1_0.created_at,u1_0.email,u1_0.enabled,u1_0.first_name,u1_0.keycloak_id,u1_0.last_name,u1_0.password,u1_0.role from users u1_0 where u1_0.keycloak_id=?
Hibernate: select s1_0.id,s1_0.end_date,s1_0.start_date,s1_0.status,s1_0.type,u1_0.id,u1_0.created_at,u1_0.email,u1_0.enabled,u1_0.first_name,u1_0.keycloak_id,u1_0.last_name,u1_0.password,u1_0.role from subscriptions s1_0 left join users u1_0 on u1_0.id=s1_0.user_id where s1_0.user_id=?
Hibernate: select u1_0.id,u1_0.created_at,u1_0.email,u1_0.enabled,u1_0.first_name,u1_0.keycloak_id,u1_0.last_name,u1_0.password,u1_0.role from users u1_0 where u1_0.keycloak_id=?
Hibernate: select s1_0.id,s1_0.end_date,s1_0.start_date,s1_0.status,s1_0.type,u1_0.id,u1_0.created_at,u1_0.email,u1_0.enabled,u1_0.first_name,u1_0.keycloak_id,u1_0.last_name,u1_0.password,u1_0.role from subscriptions s1_0 left join users u1_0 on u1_0.id=s1_0.user_id where s1_0.user_id=?
Hibernate: update users set created_at=?,email=?,enabled=?,first_name=?,keycloak_id=?,last_name=?,password=?,role=? where id=?
Hibernate: select u1_0.id,u1_0.created_at,u1_0.email,u1_0.enabled,u1_0.first_name,u1_0.keycloak_id,u1_0.last_name,u1_0.password,u1_0.role from users u1_0 where u1_0.keycloak_id=?
Hibernate: select s1_0.id,s1_0.end_date,s1_0.start_date,s1_0.status,s1_0.type,u1_0.id,u1_0.created_at,u1_0.email,u1_0.enabled,u1_0.first_name,u1_0.keycloak_id,u1_0.last_name,u1_0.password,u1_0.role from subscriptions s1_0 left join users u1_0 on u1_0.id=s1_0.user_id where s1_0.user_id=?
Hibernate: select u1_0.id,u1_0.created_at,u1_0.email,u1_0.enabled,u1_0.first_name,u1_0.keycloak_id,u1_0.last_name,u1_0.password,u1_0.role from users u1_0 where u1_0.keycloak_id=?
Hibernate: select s1_0.id,s1_0.end_date,s1_0.start_date,s1_0.status,s1_0.type,u1_0.id,u1_0.created_at,u1_0.email,u1_0.enabled,u1_0.first_name,u1_0.keycloak_id,u1_0.last_name,u1_0.password,u1_0.role from subscriptions s1_0 left join users u1_0 on u1_0.id=s1_0.user_id where s1_0.user_id=?
Hibernate: select u1_0.id,u1_0.created_at,u1_0.email,u1_0.enabled,u1_0.first_name,u1_0.keycloak_id,u1_0.last_name,u1_0.password,u1_0.role from users u1_0 where u1_0.keycloak_id=?
Hibernate: select u1_0.id,u1_0.created_at,u1_0.email,u1_0.enabled,u1_0.first_name,u1_0.keycloak_id,u1_0.last_name,u1_0.password,u1_0.role from users u1_0 where u1_0.keycloak_id=?
Hibernate: select u1_0.id,u1_0.created_at,u1_0.email,u1_0.enabled,u1_0.first_name,u1_0.keycloak_id,u1_0.last_name,u1_0.password,u1_0.role from users u1_0 where u1_0.keycloak_id=?
Hibernate: select s1_0.id,s1_0.end_date,s1_0.start_date,s1_0.status,s1_0.type,u1_0.id,u1_0.created_at,u1_0.email,u1_0.enabled,u1_0.first_name,u1_0.keycloak_id,u1_0.last_name,u1_0.password,u1_0.role from subscriptions s1_0 left join users u1_0 on u1_0.id=s1_0.user_id where s1_0.user_id=?
Hibernate: select u1_0.id,u1_0.created_at,u1_0.email,u1_0.enabled,u1_0.first_name,u1_0.keycloak_id,u1_0.last_name,u1_0.password,u1_0.role from users u1_0 where u1_0.keycloak_id=?
Hibernate: select u1_0.id,u1_0.created_at,u1_0.email,u1_0.enabled,u1_0.first_name,u1_0.keycloak_id,u1_0.last_name,u1_0.password,u1_0.role from users u1_0 where u1_0.keycloak_id=?
Hibernate: select s1_0.id,s1_0.end_date,s1_0.start_date,s1_0.status,s1_0.type,u1_0.id,u1_0.created_at,u1_0.email,u1_0.enabled,u1_0.first_name,u1_0.keycloak_id,u1_0.last_name,u1_0.password,u1_0.role from subscriptions s1_0 left join users u1_0 on u1_0.id=s1_0.user_id where s1_0.user_id=?
Hibernate: select u1_0.id,u1_0.created_at,u1_0.email,u1_0.enabled,u1_0.first_name,u1_0.keycloak_id,u1_0.last_name,u1_0.password,u1_0.role from users u1_0 where u1_0.keycloak_id=?
Hibernate: select u1_0.id,u1_0.created_at,u1_0.email,u1_0.enabled,u1_0.first_name,u1_0.keycloak_id,u1_0.last_name,u1_0.password,u1_0.role from users u1_0 where u1_0.keycloak_id=?
Hibernate: select s1_0.id,s1_0.end_date,s1_0.start_date,s1_0.status,s1_0.type,u1_0.id,u1_0.created_at,u1_0.email,u1_0.enabled,u1_0.first_name,u1_0.keycloak_id,u1_0.last_name,u1_0.password,u1_0.role from subscriptions s1_0 left join users u1_0 on u1_0.id=s1_0.user_id where s1_0.user_id=?
Hibernate: select u1_0.id,u1_0.created_at,u1_0.email,u1_0.enabled,u1_0.first_name,u1_0.keycloak_id,u1_0.last_name,u1_0.password,u1_0.role from users u1_0 where u1_0.keycloak_id=?
Hibernate: select s1_0.id,s1_0.end_date,s1_0.start_date,s1_0.status,s1_0.type,u1_0.id,u1_0.created_at,u1_0.email,u1_0.enabled,u1_0.first_name,u1_0.keycloak_id,u1_0.last_name,u1_0.password,u1_0.role from subscriptions s1_0 left join users u1_0 on u1_0.id=s1_0.user_id where s1_0.user_id=?
Hibernate: delete from users where id=?
Hibernate: select u1_0.id,u1_0.created_at,u1_0.email,u1_0.enabled,u1_0.first_name,u1_0.keycloak_id,u1_0.last_name,u1_0.password,u1_0.role from users u1_0 where u1_0.keycloak_id=?
Hibernate: select s1_0.id,s1_0.end_date,s1_0.start_date,s1_0.status,s1_0.type,u1_0.id,u1_0.created_at,u1_0.email,u1_0.enabled,u1_0.first_name,u1_0.keycloak_id,u1_0.last_name,u1_0.password,u1_0.role from subscriptions s1_0 left join users u1_0 on u1_0.id=s1_0.user_id where s1_0.user_id=?
Hibernate: select u1_0.id,u1_0.created_at,u1_0.email,u1_0.enabled,u1_0.first_name,u1_0.keycloak_id,u1_0.last_name,u1_0.password,u1_0.role from users u1_0 where u1_0.keycloak_id=?
Hibernate: select s1_0.id,s1_0.end_date,s1_0.start_date,s1_0.status,s1_0.type,u1_0.id,u1_0.created_at,u1_0.email,u1_0.enabled,u1_0.first_name,u1_0.keycloak_id,u1_0.last_name,u1_0.password,u1_0.role from subscriptions s1_0 left join users u1_0 on u1_0.id=s1_0.user_id where s1_0.user_id=?
Hibernate: select u1_0.id,u1_0.created_at,u1_0.email,u1_0.enabled,u1_0.first_name,u1_0.keycloak_id,u1_0.last_name,u1_0.password,u1_0.role from users u1_0 where u1_0.keycloak_id=?
Hibernate: select u1_0.id,u1_0.created_at,u1_0.email,u1_0.enabled,u1_0.first_name,u1_0.keycloak_id,u1_0.last_name,u1_0.password,u1_0.role from users u1_0 where u1_0.keycloak_id=?
Hibernate: select u1_0.id,u1_0.created_at,u1_0.email,u1_0.enabled,u1_0.first_name,u1_0.keycloak_id,u1_0.last_name,u1_0.password,u1_0.role from users u1_0 where u1_0.keycloak_id=?
Hibernate: select s1_0.id,s1_0.end_date,s1_0.start_date,s1_0.status,s1_0.type,u1_0.id,u1_0.created_at,u1_0.email,u1_0.enabled,u1_0.first_name,u1_0.keycloak_id,u1_0.last_name,u1_0.password,u1_0.role from subscriptions s1_0 left join users u1_0 on u1_0.id=s1_0.user_id where s1_0.user_id=?
Hibernate: select u1_0.id,u1_0.created_at,u1_0.email,u1_0.enabled,u1_0.first_name,u1_0.keycloak_id,u1_0.last_name,u1_0.password,u1_0.role from users u1_0 where u1_0.keycloak_id=?
Hibernate: select u1_0.id,u1_0.created_at,u1_0.email,u1_0.enabled,u1_0.first_name,u1_0.keycloak_id,u1_0.last_name,u1_0.password,u1_0.role from users u1_0 where u1_0.keycloak_id=?
Hibernate: select s1_0.id,s1_0.end_date,s1_0.start_date,s1_0.status,s1_0.type,u1_0.id,u1_0.created_at,u1_0.email,u1_0.enabled,u1_0.first_name,u1_0.keycloak_id,u1_0.last_name,u1_0.password,u1_0.role from subscriptions s1_0 left join users u1_0 on u1_0.id=s1_0.user_id where s1_0.user_id=?
Hibernate: select u1_0.id,u1_0.created_at,u1_0.email,u1_0.enabled,u1_0.first_name,u1_0.keycloak_id,u1_0.last_name,u1_0.password,u1_0.role from users u1_0 where u1_0.keycloak_id=?
Hibernate: select u1_0.id,u1_0.created_at,u1_0.email,u1_0.enabled,u1_0.first_name,u1_0.keycloak_id,u1_0.last_name,u1_0.password,u1_0.role from users u1_0 where u1_0.keycloak_id=?
Hibernate: select s1_0.id,s1_0.end_date,s1_0.start_date,s1_0.status,s1_0.type,u1_0.id,u1_0.created_at,u1_0.email,u1_0.enabled,u1_0.first_name,u1_0.keycloak_id,u1_0.last_name,u1_0.password,u1_0.role from subscriptions s1_0 left join users u1_0 on u1_0.id=s1_0.user_id where s1_0.user_id=?
Hibernate: select u1_0.id,u1_0.created_at,u1_0.email,u1_0.enabled,u1_0.first_name,u1_0.keycloak_id,u1_0.last_name,u1_0.password,u1_0.role from users u1_0 where u1_0.keycloak_id=?
Hibernate: select s1_0.id,s1_0.end_date,s1_0.start_date,s1_0.status,s1_0.type,u1_0.id,u1_0.created_at,u1_0.email,u1_0.enabled,u1_0.first_name,u1_0.keycloak_id,u1_0.last_name,u1_0.password,u1_0.role from subscriptions s1_0 left join users u1_0 on u1_0.id=s1_0.user_id where s1_0.user_id=?
Hibernate: select u1_0.id,u1_0.created_at,u1_0.email,u1_0.enabled,u1_0.first_name,u1_0.keycloak_id,u1_0.last_name,u1_0.password,u1_0.role from users u1_0 where u1_0.keycloak_id=?
Hibernate: select s1_0.id,s1_0.end_date,s1_0.start_date,s1_0.status,s1_0.type,u1_0.id,u1_0.created_at,u1_0.email,u1_0.enabled,u1_0.first_name,u1_0.keycloak_id,u1_0.last_name,u1_0.password,u1_0.role from subscriptions s1_0 left join users u1_0 on u1_0.id=s1_0.user_id where s1_0.user_id=?
Hibernate: select u1_0.id,u1_0.created_at,u1_0.email,u1_0.enabled,u1_0.first_name,u1_0.keycloak_id,u1_0.last_name,u1_0.password,u1_0.role from users u1_0 where u1_0.keycloak_id=?
Hibernate: select s1_0.id,s1_0.end_date,s1_0.start_date,s1_0.status,s1_0.type,u1_0.id,u1_0.created_at,u1_0.email,u1_0.enabled,u1_0.first_name,u1_0.keycloak_id,u1_0.last_name,u1_0.password,u1_0.role from subscriptions s1_0 left join users u1_0 on u1_0.id=s1_0.user_id where s1_0.user_id=?
Hibernate: select u1_0.id,u1_0.created_at,u1_0.email,u1_0.enabled,u1_0.first_name,u1_0.keycloak_id,u1_0.last_name,u1_0.password,u1_0.role from users u1_0 where u1_0.keycloak_id=?
Hibernate: select s1_0.id,s1_0.end_date,s1_0.start_date,s1_0.status,s1_0.type,u1_0.id,u1_0.created_at,u1_0.email,u1_0.enabled,u1_0.first_name,u1_0.keycloak_id,u1_0.last_name,u1_0.password,u1_0.role from subscriptions s1_0 left join users u1_0 on u1_0.id=s1_0.user_id where s1_0.user_id=?
Hibernate: select u1_0.id,u1_0.created_at,u1_0.email,u1_0.enabled,u1_0.first_name,u1_0.keycloak_id,u1_0.last_name,u1_0.password,u1_0.role from users u1_0 where u1_0.keycloak_id=?
Hibernate: select s1_0.id,s1_0.end_date,s1_0.start_date,s1_0.status,s1_0.type,u1_0.id,u1_0.created_at,u1_0.email,u1_0.enabled,u1_0.first_name,u1_0.keycloak_id,u1_0.last_name,u1_0.password,u1_0.role from subscriptions s1_0 left join users u1_0 on u1_0.id=s1_0.user_id where s1_0.user_id=?
Hibernate: select u1_0.id,u1_0.created_at,u1_0.email,u1_0.enabled,u1_0.first_name,u1_0.keycloak_id,u1_0.last_name,u1_0.password,u1_0.role from users u1_0 where u1_0.keycloak_id=?
Hibernate: select s1_0.id,s1_0.end_date,s1_0.start_date,s1_0.status,s1_0.type,u1_0.id,u1_0.created_at,u1_0.email,u1_0.enabled,u1_0.first_name,u1_0.keycloak_id,u1_0.last_name,u1_0.password,u1_0.role from subscriptions s1_0 left join users u1_0 on u1_0.id=s1_0.user_id where s1_0.user_id=?
Hibernate: select u1_0.id,u1_0.created_at,u1_0.email,u1_0.enabled,u1_0.first_name,u1_0.keycloak_id,u1_0.last_name,u1_0.password,u1_0.role from users u1_0 where u1_0.keycloak_id=?
Hibernate: select s1_0.id,s1_0.end_date,s1_0.start_date,s1_0.status,s1_0.type,u1_0.id,u1_0.created_at,u1_0.email,u1_0.enabled,u1_0.first_name,u1_0.keycloak_id,u1_0.last_name,u1_0.password,u1_0.role from subscriptions s1_0 left join users u1_0 on u1_0.id=s1_0.user_id where s1_0.user_id=?
Hibernate: select u1_0.id,u1_0.created_at,u1_0.email,u1_0.enabled,u1_0.first_name,u1_0.keycloak_id,u1_0.last_name,u1_0.password,u1_0.role from users u1_0 where u1_0.keycloak_id=?
Hibernate: select s1_0.id,s1_0.end_date,s1_0.start_date,s1_0.status,s1_0.type,u1_0.id,u1_0.created_at,u1_0.email,u1_0.enabled,u1_0.first_name,u1_0.keycloak_id,u1_0.last_name,u1_0.password,u1_0.role from subscriptions s1_0 left join users u1_0 on u1_0.id=s1_0.user_id where s1_0.user_id=?
Hibernate: select u1_0.id,u1_0.created_at,u1_0.email,u1_0.enabled,u1_0.first_name,u1_0.keycloak_id,u1_0.last_name,u1_0.password,u1_0.role from users u1_0 where u1_0.keycloak_id=?
Hibernate: select s1_0.id,s1_0.end_date,s1_0.start_date,s1_0.status,s1_0.type,u1_0.id,u1_0.created_at,u1_0.email,u1_0.enabled,u1_0.first_name,u1_0.keycloak_id,u1_0.last_name,u1_0.password,u1_0.role from subscriptions s1_0 left join users u1_0 on u1_0.id=s1_0.user_id where s1_0.user_id=?
Hibernate: select u1_0.id,u1_0.created_at,u1_0.email,u1_0.enabled,u1_0.first_name,u1_0.keycloak_id,u1_0.last_name,u1_0.password,u1_0.role from users u1_0 where u1_0.keycloak_id=?
Hibernate: select s1_0.id,s1_0.end_date,s1_0.start_date,s1_0.status,s1_0.type,u1_0.id,u1_0.created_at,u1_0.email,u1_0.enabled,u1_0.first_name,u1_0.keycloak_id,u1_0.last_name,u1_0.password,u1_0.role from subscriptions s1_0 left join users u1_0 on u1_0.id=s1_0.user_id where s1_0.user_id=?
Hibernate: select u1_0.id,u1_0.created_at,u1_0.email,u1_0.enabled,u1_0.first_name,u1_0.keycloak_id,u1_0.last_name,u1_0.password,u1_0.role from users u1_0 where u1_0.keycloak_id=?
Hibernate: select s1_0.id,s1_0.end_date,s1_0.start_date,s1_0.status,s1_0.type,u1_0.id,u1_0.created_at,u1_0.email,u1_0.enabled,u1_0.first_name,u1_0.keycloak_id,u1_0.last_name,u1_0.password,u1_0.role from subscriptions s1_0 left join users u1_0 on u1_0.id=s1_0.user_id where s1_0.user_id=?
Hibernate: select u1_0.id,u1_0.created_at,u1_0.email,u1_0.enabled,u1_0.first_name,u1_0.keycloak_id,u1_0.last_name,u1_0.password,u1_0.role from users u1_0 where u1_0.keycloak_id=?
Hibernate: select s1_0.id,s1_0.end_date,s1_0.start_date,s1_0.status,s1_0.type,u1_0.id,u1_0.created_at,u1_0.email,u1_0.enabled,u1_0.first_name,u1_0.keycloak_id,u1_0.last_name,u1_0.password,u1_0.role from subscriptions s1_0 left join users u1_0 on u1_0.id=s1_0.user_id where s1_0.user_id=?
Hibernate: select u1_0.id,u1_0.created_at,u1_0.email,u1_0.enabled,u1_0.first_name,u1_0.keycloak_id,u1_0.last_name,u1_0.password,u1_0.role from users u1_0 where u1_0.keycloak_id=?
Hibernate: select s1_0.id,s1_0.end_date,s1_0.start_date,s1_0.status,s1_0.type,u1_0.id,u1_0.created_at,u1_0.email,u1_0.enabled,u1_0.first_name,u1_0.keycloak_id,u1_0.last_name,u1_0.password,u1_0.role from subscriptions s1_0 left join users u1_0 on u1_0.id=s1_0.user_id where s1_0.user_id=?
Hibernate: select u1_0.id,u1_0.created_at,u1_0.email,u1_0.enabled,u1_0.first_name,u1_0.keycloak_id,u1_0.last_name,u1_0.password,u1_0.role from users u1_0 where u1_0.keycloak_id=?
Hibernate: select s1_0.id,s1_0.end_date,s1_0.start_date,s1_0.status,s1_0.type,u1_0.id,u1_0.created_at,u1_0.email,u1_0.enabled,u1_0.first_name,u1_0.keycloak_id,u1_0.last_name,u1_0.password,u1_0.role from subscriptions s1_0 left join users u1_0 on u1_0.id=s1_0.user_id where s1_0.user_id=?
Hibernate: select u1_0.id,u1_0.created_at,u1_0.email,u1_0.enabled,u1_0.first_name,u1_0.keycloak_id,u1_0.last_name,u1_0.password,u1_0.role from users u1_0 where u1_0.keycloak_id=?
Hibernate: select s1_0.id,s1_0.end_date,s1_0.start_date,s1_0.status,s1_0.type,u1_0.id,u1_0.created_at,u1_0.email,u1_0.enabled,u1_0.first_name,u1_0.keycloak_id,u1_0.last_name,u1_0.password,u1_0.role from subscriptions s1_0 left join users u1_0 on u1_0.id=s1_0.user_id where s1_0.user_id=?
Hibernate: select u1_0.id,u1_0.created_at,u1_0.email,u1_0.enabled,u1_0.first_name,u1_0.keycloak_id,u1_0.last_name,u1_0.password,u1_0.role from users u1_0 where u1_0.keycloak_id=?
Hibernate: select s1_0.id,s1_0.end_date,s1_0.start_date,s1_0.status,s1_0.type,u1_0.id,u1_0.created_at,u1_0.email,u1_0.enabled,u1_0.first_name,u1_0.keycloak_id,u1_0.last_name,u1_0.password,u1_0.role from subscriptions s1_0 left join users u1_0 on u1_0.id=s1_0.user_id where s1_0.user_id=?
Hibernate: select u1_0.id,u1_0.created_at,u1_0.email,u1_0.enabled,u1_0.first_name,u1_0.keycloak_id,u1_0.last_name,u1_0.password,u1_0.role from users u1_0 where u1_0.keycloak_id=?
Hibernate: select s1_0.id,s1_0.end_date,s1_0.start_date,s1_0.status,s1_0.type,u1_0.id,u1_0.created_at,u1_0.email,u1_0.enabled,u1_0.first_name,u1_0.keycloak_id,u1_0.last_name,u1_0.password,u1_0.role from subscriptions s1_0 left join users u1_0 on u1_0.id=s1_0.user_id where s1_0.user_id=?
Hibernate: select u1_0.id,u1_0.created_at,u1_0.email,u1_0.enabled,u1_0.first_name,u1_0.keycloak_id,u1_0.last_name,u1_0.password,u1_0.role from users u1_0 where u1_0.keycloak_id=?
Hibernate: select s1_0.id,s1_0.end_date,s1_0.start_date,s1_0.status,s1_0.type,u1_0.id,u1_0.created_at,u1_0.email,u1_0.enabled,u1_0.first_name,u1_0.keycloak_id,u1_0.last_name,u1_0.password,u1_0.role from subscriptions s1_0 left join users u1_0 on u1_0.id=s1_0.user_id where s1_0.user_id=?
Hibernate: select u1_0.id,u1_0.created_at,u1_0.email,u1_0.enabled,u1_0.first_name,u1_0.keycloak_id,u1_0.last_name,u1_0.password,u1_0.role from users u1_0 where u1_0.keycloak_id=?
Hibernate: select s1_0.id,s1_0.end_date,s1_0.start_date,s1_0.status,s1_0.type,u1_0.id,u1_0.created_at,u1_0.email,u1_0.enabled,u1_0.first_name,u1_0.keycloak_id,u1_0.last_name,u1_0.password,u1_0.role from subscriptions s1_0 left join users u1_0 on u1_0.id=s1_0.user_id where s1_0.user_id=?
